 2026-06-11 13:27:06/11/26 | INFO | app.main | Handling Request | GET /docs
 2026-06-11 13:27:06/11/26 | INFO | app.main | Completed Request | GET /docsstatus=200 duration=0.0017850260001068818
 2026-06-11 13:27:06/11/26 | INFO | app.main | Handling Request | GET /openapi.json
 2026-06-11 13:27:06/11/26 | INFO | app.main | Completed Request | GET /openapi.jsonstatus=200 duration=0.00765391400000226
 2026-06-11 13:27:06/11/26 | INFO | app.main | Handling Request | GET /trader/
 2026-06-11 13:27:06/11/26 | WARNING | app.auth | Invalid API Key
 2026-06-11 13:27:06/11/26 | INFO | app.main | Completed Request | GET /trader/status=401 duration=0.0011309500000606931
 2026-06-11 13:27:06/11/26 | INFO | app.main | Handling Request | GET /trader/
 2026-06-11 13:27:06/11/26 | WARNING | app.main | Unexpected error | /trader/ error=TraderRepositores.get_all() takes 1 positional argument but 2 were given
 2026-06-11 13:28:06/11/26 | INFO | app.main | Handling Request | GET /trader/
 2026-06-11 13:28:06/11/26 | INFO | app.main | Completed Request | GET /trader/status=200 duration=0.025646751999829576
 2026-06-11 13:28:06/11/26 | INFO | app.main | Handling Request | POST /trader/
 2026-06-11 13:28:06/11/26 | INFO | app.services.trader | creating a new trader
 2026-06-11 13:28:06/11/26 | WARNING | app.main | Unexpected error | /trader/ error=(sqlite3.IntegrityError) NOT NULL constraint failed: traders.email
[SQL: INSERT INTO traders (name, email, created_at) VALUES (?, ?, CURRENT_TIMESTAMP) RETURNING id, created_at]
[parameters: ('Aniket', None)]
(Background on this error at: https://sqlalche.me/e/20/gkpj)
 2026-06-11 13:29:06/11/26 | INFO | app.main | Handling Request | POST /trader/
 2026-06-11 13:29:06/11/26 | INFO | app.services.trader | creating a new trader
 2026-06-11 13:29:06/11/26 | INFO | app.repositories.trader | Successfully Created a trader in DB | 1
 2026-06-11 13:29:06/11/26 | INFO | app.services.trader | Created Trader Successfully | id=1
 2026-06-11 13:29:06/11/26 | INFO | app.main | Completed Request | POST /trader/status=201 duration=0.14879138900005273
 2026-06-11 13:29:06/11/26 | INFO | app.main | Handling Request | POST /trader/
 2026-06-11 13:29:06/11/26 | INFO | app.services.trader | creating a new trader
 2026-06-11 13:29:06/11/26 | INFO | app.repositories.trader | Successfully Created a trader in DB | 2
 2026-06-11 13:29:06/11/26 | INFO | app.services.trader | Created Trader Successfully | id=2
 2026-06-11 13:29:06/11/26 | INFO | app.main | Completed Request | POST /trader/status=201 duration=0.01925720300005196
 2026-06-11 13:30:06/11/26 | INFO | app.main | Handling Request | GET /trader/
 2026-06-11 13:30:06/11/26 | INFO | app.main | Completed Request | GET /trader/status=200 duration=0.007899561000158428
 2026-06-11 13:30:06/11/26 | INFO | app.main | Handling Request | GET /trader/1
 2026-06-11 13:30:06/11/26 | INFO | app.main | Completed Request | GET /trader/1status=200 duration=0.008528206000391947
 2026-06-11 13:30:06/11/26 | INFO | app.main | Handling Request | GET /trader/2
 2026-06-11 13:30:06/11/26 | INFO | app.main | Completed Request | GET /trader/2status=200 duration=0.0065572949997658725
 2026-06-11 13:30:06/11/26 | INFO | app.main | Handling Request | GET /trader/3
 2026-06-11 13:30:06/11/26 | INFO | app.main | Completed Request | GET /trader/3status=404 duration=0.0073601019998932316
 2026-06-11 13:31:06/11/26 | INFO | app.main | Handling Request | GET /trader/
 2026-06-11 13:31:06/11/26 | INFO | app.main | Completed Request | GET /trader/status=200 duration=0.023858307999944373
 2026-06-11 15:10:06/11/26 | INFO | app.main | Handling Request | GET /docs
 2026-06-11 15:10:06/11/26 | INFO | app.main | Completed Request | GET /docsstatus=200 duration=0.0011895660009031417
 2026-06-11 15:10:06/11/26 | INFO | app.main | Handling Request | GET /openapi.json
 2026-06-11 15:10:06/11/26 | INFO | app.main | Completed Request | GET /openapi.jsonstatus=200 duration=0.01509834399985266
 2026-06-11 15:10:06/11/26 | INFO | app.main | Handling Request | GET /traders/
 2026-06-11 15:10:06/11/26 | WARNING | app.auth | Invalid API Key
 2026-06-11 15:10:06/11/26 | INFO | app.main | Completed Request | GET /traders/status=401 duration=0.0011789299987867707
 2026-06-11 15:10:06/11/26 | INFO | app.main | Handling Request | GET /traders/
 2026-06-11 15:10:06/11/26 | INFO | app.main | Completed Request | GET /traders/status=200 duration=0.029114685999957146
 2026-06-11 15:10:06/11/26 | INFO | app.main | Handling Request | GET /traders/1/positions
 2026-06-11 15:10:06/11/26 | INFO | app.main | Completed Request | GET /traders/1/positionsstatus=404 duration=0.00976652200006356
 2026-06-11 15:11:06/11/26 | INFO | app.main | Handling Request | GET /trades/1
 2026-06-11 15:11:06/11/26 | INFO | app.main | Completed Request | GET /trades/1status=404 duration=0.011913162999917404
 2026-06-11 15:11:06/11/26 | INFO | app.main | Handling Request | GET /trades/
 2026-06-11 15:11:06/11/26 | INFO | app.main | Completed Request | GET /trades/status=200 duration=0.008344326000951696
 2026-06-11 15:11:06/11/26 | INFO | app.main | Handling Request | POST /trades/buy
 2026-06-11 15:11:06/11/26 | WARNING | app.main | Unexpected error | /trades/buy error=__enter__
 2026-06-11 15:12:06/11/26 | INFO | app.main | Handling Request | POST /trades/buy
 2026-06-11 15:12:06/11/26 | INFO | app.services.trade | creating a new trader
 2026-06-11 15:12:06/11/26 | WARNING | app.main | Unexpected error | /trades/buy error='Trade' object is not iterable
 2026-06-11 15:14:06/11/26 | INFO | app.main | Handling Request | POST /trades/buy
 2026-06-11 15:14:06/11/26 | INFO | app.services.trade | creating a new trader
 2026-06-11 15:14:06/11/26 | WARNING | app.main | Unexpected error | /trades/buy error='Trade' object is not iterable
 2026-06-11 15:15:06/11/26 | INFO | app.main | Handling Request | POST /trades/buy
 2026-06-11 15:15:06/11/26 | INFO | app.services.trade | creating a new trader
 2026-06-11 15:15:06/11/26 | WARNING | app.main | Unexpected error | /trades/buy error='coroutine' object has no attribute 'quantity'
 2026-06-11 15:16:06/11/26 | INFO | app.main | Handling Request | GET /trades/
 2026-06-11 15:16:06/11/26 | INFO | app.main | Completed Request | GET /trades/status=200 duration=0.00880569299988565
 2026-06-11 15:17:06/11/26 | INFO | app.main | Handling Request | POST /trades/buy
 2026-06-11 15:17:06/11/26 | INFO | app.services.trade | creating a new trader
 2026-06-11 15:17:06/11/26 | WARNING | app.main | Unexpected error | /trades/buy error=2 validation errors for PositionCreate
quantity
  Value error, quantity must be positive [type=value_error, input_value=0, input_type=int]
    For further information visit https://errors.pydantic.dev/2.13/v/value_error
average_price
  Value error, price must be positive [type=value_error, input_value=0, input_type=int]
    For further information visit https://errors.pydantic.dev/2.13/v/value_error
 2026-06-11 15:18:06/11/26 | INFO | app.main | Handling Request | POST /trades/buy
 2026-06-11 15:18:06/11/26 | INFO | app.services.trade | creating a new trader
 2026-06-11 15:18:06/11/26 | INFO | app.services.trade | Created Trader Successfully | id=1
 2026-06-11 15:18:06/11/26 | INFO | app.main | Completed Request | POST /trades/buystatus=201 duration=0.05399679899892362
 2026-06-11 15:18:06/11/26 | INFO | app.main | Handling Request | GET /trades/
 2026-06-11 15:18:06/11/26 | INFO | app.main | Completed Request | GET /trades/status=200 duration=0.009320909999587457
 2026-06-11 15:19:06/11/26 | INFO | app.main | Handling Request | GET /traders/1/positions
 2026-06-11 15:19:06/11/26 | WARNING | app.main | Unexpected error | /traders/1/positions error=1 validation errors:
  {'type': 'list_type', 'loc': ('response',), 'msg': 'Input should be a valid list', 'input': Position(id=1 symbol=APPL), 'url': 'https://errors.pydantic.dev/2.13/v/list_type'}

 2026-06-11 15:20:06/11/26 | INFO | app.main | Handling Request | GET /traders/1/positions
 2026-06-11 15:20:06/11/26 | INFO | app.main | Completed Request | GET /traders/1/positionsstatus=200 duration=0.021931313998720725
 2026-06-11 15:21:06/11/26 | INFO | app.main | Handling Request | POST /trades/buy
 2026-06-11 15:21:06/11/26 | INFO | app.services.trade | creating a new trader
 2026-06-11 15:21:06/11/26 | INFO | app.services.trade | Created Trader Successfully | id=2
 2026-06-11 15:21:06/11/26 | INFO | app.main | Completed Request | POST /trades/buystatus=201 duration=0.03254392700000608
 2026-06-11 15:21:06/11/26 | INFO | app.main | Handling Request | GET /traders/1/positions
 2026-06-11 15:21:06/11/26 | INFO | app.main | Completed Request | GET /traders/1/positionsstatus=200 duration=0.006676130999039742
 2026-06-11 15:26:06/11/26 | INFO | app.main | Handling Request | GET /traders/1/positions
 2026-06-11 15:26:06/11/26 | INFO | app.main | Completed Request | GET /traders/1/positionsstatus=200 duration=0.025639699999373988
 2026-06-11 15:26:06/11/26 | INFO | app.main | Handling Request | POST /trades/buy
 2026-06-11 15:26:06/11/26 | INFO | app.services.trade | creating a new trader
 2026-06-11 15:26:06/11/26 | INFO | app.services.trade | Created Trader Successfully | id=3
 2026-06-11 15:26:06/11/26 | INFO | app.main | Completed Request | POST /trades/buystatus=201 duration=0.04552760600017791
 2026-06-11 15:26:06/11/26 | INFO | app.main | Handling Request | GET /traders/1/positions
 2026-06-11 15:26:06/11/26 | INFO | app.main | Completed Request | GET /traders/1/positionsstatus=200 duration=0.006214678000105778
 2026-06-11 15:26:06/11/26 | INFO | app.main | Handling Request | POST /trades/buy
 2026-06-11 15:26:06/11/26 | INFO | app.services.trade | creating a new trader
 2026-06-11 15:26:06/11/26 | INFO | app.services.trade | Created Trader Successfully | id=4
 2026-06-11 15:26:06/11/26 | INFO | app.main | Completed Request | POST /trades/buystatus=201 duration=0.02063656800055469
 2026-06-11 15:26:06/11/26 | INFO | app.main | Handling Request | GET /traders/1/positions
 2026-06-11 15:26:06/11/26 | INFO | app.main | Completed Request | GET /traders/1/positionsstatus=200 duration=0.007338289000472287
 2026-06-11 15:27:06/11/26 | INFO | app.main | Handling Request | POST /trades/sell
 2026-06-11 15:27:06/11/26 | INFO | app.services.trade | creating a new trader
 2026-06-11 15:27:06/11/26 | WARNING | app.main | Unexpected error | /trades/sell error=PositionRepository.get_for_update() missing 1 required positional argument: 'symbol'
 2026-06-11 15:27:06/11/26 | INFO | app.main | Handling Request | POST /trades/sell
 2026-06-11 15:27:06/11/26 | INFO | app.services.trade | creating a new trader
 2026-06-11 15:27:06/11/26 | INFO | app.services.trade | Created Trader Successfully | id=5
 2026-06-11 15:27:06/11/26 | INFO | app.main | Completed Request | POST /trades/sellstatus=201 duration=0.04266404199915996
 2026-06-11 15:28:06/11/26 | INFO | app.main | Handling Request | GET /traders/1/positions
 2026-06-11 15:28:06/11/26 | INFO | app.main | Completed Request | GET /traders/1/positionsstatus=200 duration=0.012076217999492656
 2026-06-11 15:28:06/11/26 | INFO | app.main | Handling Request | GET /trades/
 2026-06-11 15:28:06/11/26 | INFO | app.main | Completed Request | GET /trades/status=200 duration=0.008009986999240937
 2026-06-11 15:29:06/11/26 | INFO | app.main | Handling Request | GET /trades/
 2026-06-11 15:29:06/11/26 | INFO | app.main | Completed Request | GET /trades/status=200 duration=0.008333327999935136
 2026-06-11 15:29:06/11/26 | INFO | app.main | Handling Request | GET /positions/1
 2026-06-11 15:29:06/11/26 | INFO | app.main | Completed Request | GET /positions/1status=200 duration=0.007329523999942467
 2026-06-11 15:29:06/11/26 | INFO | app.main | Handling Request | GET /positions/GOOG
 2026-06-11 15:29:06/11/26 | WARNING | app.main | Validation error | /positions/GOOG error=[{'type': 'int_parsing', 'loc': ['path', 'id'], 'msg': 'Input should be a valid integer, unable to parse string as an integer', 'input': 'GOOG', 'url': 'https://errors.pydantic.dev/2.13/v/int_parsing'}]
 2026-06-11 15:29:06/11/26 | INFO | app.main | Completed Request | GET /positions/GOOGstatus=422 duration=0.002001824999751989
 2026-06-11 15:31:06/11/26 | INFO | app.main | Handling Request | GET /positions/GOOG
 2026-06-11 15:31:06/11/26 | WARNING | app.main | Validation error | /positions/GOOG error=[{'type': 'int_parsing', 'loc': ['path', 'id'], 'msg': 'Input should be a valid integer, unable to parse string as an integer', 'input': 'GOOG', 'url': 'https://errors.pydantic.dev/2.13/v/int_parsing'}]
 2026-06-11 15:31:06/11/26 | INFO | app.main | Completed Request | GET /positions/GOOGstatus=422 duration=0.004374124999230844
 2026-06-11 15:31:06/11/26 | INFO | app.main | Handling Request | GET /positions/goog
 2026-06-11 15:31:06/11/26 | WARNING | app.main | Validation error | /positions/goog error=[{'type': 'int_parsing', 'loc': ['path', 'id'], 'msg': 'Input should be a valid integer, unable to parse string as an integer', 'input': 'goog', 'url': 'https://errors.pydantic.dev/2.13/v/int_parsing'}]
 2026-06-11 15:31:06/11/26 | INFO | app.main | Completed Request | GET /positions/googstatus=422 duration=0.002808076998917386
 2026-06-11 15:33:06/11/26 | INFO | app.main | Handling Request | GET /docs
 2026-06-11 15:33:06/11/26 | INFO | app.main | Completed Request | GET /docsstatus=200 duration=0.002618639999127481
 2026-06-11 15:33:06/11/26 | INFO | app.main | Handling Request | GET /openapi.json
 2026-06-11 15:33:06/11/26 | INFO | app.main | Completed Request | GET /openapi.jsonstatus=200 duration=0.014692214999740827
 2026-06-11 15:33:06/11/26 | INFO | app.main | Handling Request | GET /positions/
 2026-06-11 15:33:06/11/26 | WARNING | app.auth | Invalid API Key
 2026-06-11 15:33:06/11/26 | INFO | app.main | Completed Request | GET /positions/status=401 duration=0.0026803349992405856
 2026-06-11 15:33:06/11/26 | INFO | app.main | Handling Request | GET /traders/
 2026-06-11 15:33:06/11/26 | INFO | app.main | Completed Request | GET /traders/status=200 duration=0.02075042099932034
 2026-06-11 15:33:06/11/26 | INFO | app.main | Handling Request | GET /positions/
 2026-06-11 15:33:06/11/26 | WARNING | app.main | Unexpected error | /positions/ error=1 validation errors:
  {'type': 'model_attributes_type', 'loc': ('response',), 'msg': 'Input should be a valid dictionary or object to extract fields from', 'input': [Position(id=2 symbol=GOOG)], 'url': 'https://errors.pydantic.dev/2.13/v/model_attributes_type'}

 2026-06-11 15:34:06/11/26 | INFO | app.main | Handling Request | GET /positions/
 2026-06-11 15:34:06/11/26 | WARNING | app.main | Unexpected error | /positions/ error=1 validation errors:
  {'type': 'model_attributes_type', 'loc': ('response',), 'msg': 'Input should be a valid dictionary or object to extract fields from', 'input': [Position(id=2 symbol=GOOG)], 'url': 'https://errors.pydantic.dev/2.13/v/model_attributes_type'}

 2026-06-11 15:36:06/11/26 | INFO | app.main | Handling Request | GET /positions/
 2026-06-11 15:36:06/11/26 | INFO | app.main | Completed Request | GET /positions/status=200 duration=0.021555461000389187
 2026-06-11 15:56:06/11/26 | INFO | app.main | Handling Request | GET /
 2026-06-11 15:56:06/11/26 | INFO | app.main | Completed Request | GET /status=200 duration=0.0017667000010987977
 2026-06-11 15:56:06/11/26 | INFO | app.main | Handling Request | GET /favicon.ico
 2026-06-11 15:56:06/11/26 | INFO | app.main | Completed Request | GET /favicon.icostatus=404 duration=0.0022439509994001128
 2026-06-11 15:56:06/11/26 | INFO | app.main | Handling Request | GET /docs
 2026-06-11 15:56:06/11/26 | INFO | app.main | Completed Request | GET /docsstatus=200 duration=0.0011569889993552351
 2026-06-11 15:56:06/11/26 | INFO | app.main | Handling Request | GET /openapi.json
 2026-06-11 15:56:06/11/26 | INFO | app.main | Completed Request | GET /openapi.jsonstatus=200 duration=0.01898619599887752
 2026-06-11 15:56:06/11/26 | INFO | app.main | Handling Request | GET /traders/1/summary
 2026-06-11 15:56:06/11/26 | WARNING | app.auth | Invalid API Key
 2026-06-11 15:56:06/11/26 | INFO | app.main | Completed Request | GET /traders/1/summarystatus=401 duration=0.0012815580012102146
 2026-06-11 15:57:06/11/26 | INFO | app.main | Handling Request | GET /traders/1/summary
 2026-06-11 15:57:06/11/26 | WARNING | app.main | Unexpected error | /traders/1/summary error='int' object is not subscriptable
 2026-06-11 15:59:06/11/26 | INFO | app.main | Handling Request | GET /traders/1/summary
 2026-06-11 15:59:06/11/26 | INFO | app.main | Completed Request | GET /traders/1/summarystatus=200 duration=0.031412389000252006
